-------------------------------------------------------------------------------
Test set: com.tk20.qa.runtest.TestRunner
-------------------------------------------------------------------------------
Tests run: 34, Failures: 0, Errors: 8, Skipped: 23, Time elapsed: 462.621 sec <<< FAILURE!
Given Open browser and login to the application.(Scenario: Check wheather assignment is displayed under 'Assigments' sidemenu.)  Time elapsed: 0.026 sec  <<< ERROR!
org.openqa.selenium.TimeoutException: timeout
  (Session info: chrome=63.0.3239.132)
  (Driver info: chromedriver=2.32.498550 (9dec58e66c31bcc53a9ce3c7226f0c1c5810906a),platform=Windows NT 10.0.16299 x86_64) (WARNING: The server did not provide any stacktrace information)
Command duration or timeout: 0 milliseconds
Build info: version: '3.8.1', revision: '6e95a6684b', time: '2017-12-01T18:33:54.468Z'
System info: host: 'LP0039', ip: '192.168.20.174', os.name: 'Windows 10', os.arch: 'amd64', os.version: '10.0', java.version: '1.8.0_151'
Driver info: org.openqa.selenium.chrome.ChromeDriver
Capabilities {acceptSslCerts: true, applicationCacheEnabled: false, browserConnectionEnabled: false, browserName: chrome, chrome: {chromedriverVersion: 2.32.498550 (9dec58e66c31bc..., userDataDir: C:\Users\akakkar\AppData\Lo...}, cssSelectorsEnabled: true, databaseEnabled: false, handlesAlerts: true, hasTouchScreen: false, javascriptEnabled: true, locationContextEnabled: true, mobileEmulationEnabled: false, nativeEvents: true, networkConnectionEnabled: false, pageLoadStrategy: normal, platform: XP, platformName: XP, rotatable: false, setWindowRect: true, takesHeapSnapshot: true, takesScreenshot: true, unexpectedAlertBehaviour: , unhandledPromptBehavior: , version: 63.0.3239.132, webStorageEnabled: true}
Session ID: d1ee97cc954f63e0617f35ef3a63b63f
	at sun.reflect.NativeConstructorAccessorImpl.newInstance0(Native Method)
	at sun.reflect.NativeConstructorAccessorImpl.newInstance(Unknown Source)
	at sun.reflect.DelegatingConstructorAccessorImpl.newInstance(Unknown Source)
	at java.lang.reflect.Constructor.newInstance(Unknown Source)
	at org.openqa.selenium.remote.ErrorHandler.createThrowable(ErrorHandler.java:214)
	at org.openqa.selenium.remote.ErrorHandler.throwIfResponseFailed(ErrorHandler.java:166)
	at org.openqa.selenium.remote.http.JsonHttpResponseCodec.reconstructValue(JsonHttpResponseCodec.java:40)
	at org.openqa.selenium.remote.http.AbstractHttpResponseCodec.decode(AbstractHttpResponseCodec.java:80)
	at org.openqa.selenium.remote.http.AbstractHttpResponseCodec.decode(AbstractHttpResponseCodec.java:44)
	at org.openqa.selenium.remote.HttpCommandExecutor.execute(HttpCommandExecutor.java:164)
	at org.openqa.selenium.remote.service.DriverCommandExecutor.execute(DriverCommandExecutor.java:83)
	at org.openqa.selenium.remote.RemoteWebDriver.execute(RemoteWebDriver.java:601)
	at org.openqa.selenium.remote.RemoteWebDriver.get(RemoteWebDriver.java:325)
	at sun.reflect.NativeMethodAccessorImpl.invoke0(Native Method)
	at sun.reflect.NativeMethodAccessorImpl.invoke(Unknown Source)
	at sun.reflect.DelegatingMethodAccessorImpl.invoke(Unknown Source)
	at java.lang.reflect.Method.invoke(Unknown Source)
	at org.openqa.selenium.support.events.EventFiringWebDriver$2.invoke(EventFiringWebDriver.java:108)
	at com.sun.proxy.$Proxy17.get(Unknown Source)
	at org.openqa.selenium.support.events.EventFiringWebDriver.get(EventFiringWebDriver.java:167)
	at com.tk20.qa.base.TestBase.initialization(TestBase.java:199)
	at com.tk20.qa.testcases.ApplicationAssignmentSubmissionTest.open_browser_and_login_to_the_application(ApplicationAssignmentSubmissionTest.java:31)
	at ?.Given Open browser and login to the application.(E:/Selenium Project Folder/WorkBook 4/CucumberProjectTestNG/Features/AssignmentSubmission.feature:8)

Scenario: Check wheather assignment is displayed under 'Assigments' sidemenu.  Time elapsed: 0.032 sec  <<< ERROR!
org.openqa.selenium.TimeoutException: timeout
  (Session info: chrome=63.0.3239.132)
  (Driver info: chromedriver=2.32.498550 (9dec58e66c31bcc53a9ce3c7226f0c1c5810906a),platform=Windows NT 10.0.16299 x86_64) (WARNING: The server did not provide any stacktrace information)
Command duration or timeout: 0 milliseconds
Build info: version: '3.8.1', revision: '6e95a6684b', time: '2017-12-01T18:33:54.468Z'
System info: host: 'LP0039', ip: '192.168.20.174', os.name: 'Windows 10', os.arch: 'amd64', os.version: '10.0', java.version: '1.8.0_151'
Driver info: org.openqa.selenium.chrome.ChromeDriver
Capabilities {acceptSslCerts: true, applicationCacheEnabled: false, browserConnectionEnabled: false, browserName: chrome, chrome: {chromedriverVersion: 2.32.498550 (9dec58e66c31bc..., userDataDir: C:\Users\akakkar\AppData\Lo...}, cssSelectorsEnabled: true, databaseEnabled: false, handlesAlerts: true, hasTouchScreen: false, javascriptEnabled: true, locationContextEnabled: true, mobileEmulationEnabled: false, nativeEvents: true, networkConnectionEnabled: false, pageLoadStrategy: normal, platform: XP, platformName: XP, rotatable: false, setWindowRect: true, takesHeapSnapshot: true, takesScreenshot: true, unexpectedAlertBehaviour: , unhandledPromptBehavior: , version: 63.0.3239.132, webStorageEnabled: true}
Session ID: d1ee97cc954f63e0617f35ef3a63b63f
	at sun.reflect.NativeConstructorAccessorImpl.newInstance0(Native Method)
	at sun.reflect.NativeConstructorAccessorImpl.newInstance(Unknown Source)
	at sun.reflect.DelegatingConstructorAccessorImpl.newInstance(Unknown Source)
	at java.lang.reflect.Constructor.newInstance(Unknown Source)
	at org.openqa.selenium.remote.ErrorHandler.createThrowable(ErrorHandler.java:214)
	at org.openqa.selenium.remote.ErrorHandler.throwIfResponseFailed(ErrorHandler.java:166)
	at org.openqa.selenium.remote.http.JsonHttpResponseCodec.reconstructValue(JsonHttpResponseCodec.java:40)
	at org.openqa.selenium.remote.http.AbstractHttpResponseCodec.decode(AbstractHttpResponseCodec.java:80)
	at org.openqa.selenium.remote.http.AbstractHttpResponseCodec.decode(AbstractHttpResponseCodec.java:44)
	at org.openqa.selenium.remote.HttpCommandExecutor.execute(HttpCommandExecutor.java:164)
	at org.openqa.selenium.remote.service.DriverCommandExecutor.execute(DriverCommandExecutor.java:83)
	at org.openqa.selenium.remote.RemoteWebDriver.execute(RemoteWebDriver.java:601)
	at org.openqa.selenium.remote.RemoteWebDriver.get(RemoteWebDriver.java:325)
	at sun.reflect.NativeMethodAccessorImpl.invoke0(Native Method)
	at sun.reflect.NativeMethodAccessorImpl.invoke(Unknown Source)
	at sun.reflect.DelegatingMethodAccessorImpl.invoke(Unknown Source)
	at java.lang.reflect.Method.invoke(Unknown Source)
	at org.openqa.selenium.support.events.EventFiringWebDriver$2.invoke(EventFiringWebDriver.java:108)
	at com.sun.proxy.$Proxy17.get(Unknown Source)
	at org.openqa.selenium.support.events.EventFiringWebDriver.get(EventFiringWebDriver.java:167)
	at com.tk20.qa.base.TestBase.initialization(TestBase.java:199)
	at com.tk20.qa.testcases.ApplicationAssignmentSubmissionTest.open_browser_and_login_to_the_application(ApplicationAssignmentSubmissionTest.java:31)
	at ?.Given Open browser and login to the application.(E:/Selenium Project Folder/WorkBook 4/CucumberProjectTestNG/Features/AssignmentSubmission.feature:8)

When I clicked on name of an assignment(Scenario: Check whether user has attached an artifact within assignment)  Time elapsed: 0.001 sec  <<< ERROR!
java.lang.NullPointerException
	at com.tk20.qa.testcases.ApplicationAssignmentSubmissionTest.i_clicked_on_name_of_an_assignment(ApplicationAssignmentSubmissionTest.java:87)
	at ?.When I clicked on name of an assignment(E:/Selenium Project Folder/WorkBook 4/CucumberProjectTestNG/Features/AssignmentSubmission.feature:18)

Scenario: Check whether user has attached an artifact within assignment  Time elapsed: 0.001 sec  <<< ERROR!
java.lang.NullPointerException
	at com.tk20.qa.testcases.ApplicationAssignmentSubmissionTest.i_clicked_on_name_of_an_assignment(ApplicationAssignmentSubmissionTest.java:87)
	at ?.When I clicked on name of an assignment(E:/Selenium Project Folder/WorkBook 4/CucumberProjectTestNG/Features/AssignmentSubmission.feature:18)

And I input value for 'Decimal' type entry(Scenario: Enter data in the form and save it)  Time elapsed: 0 sec  <<< ERROR!
java.lang.NullPointerException
	at com.tk20.qa.testcases.ApplicationAssignmentSubmissionTest.i_input_value_for_Decimal_type_entry(ApplicationAssignmentSubmissionTest.java:126)
	at ?.And I input value for 'Decimal' type entry(E:/Selenium Project Folder/WorkBook 4/CucumberProjectTestNG/Features/AssignmentSubmission.feature:27)

Scenario: Enter data in the form and save it  Time elapsed: 0 sec  <<< ERROR!
java.lang.NullPointerException
	at com.tk20.qa.testcases.ApplicationAssignmentSubmissionTest.i_input_value_for_Decimal_type_entry(ApplicationAssignmentSubmissionTest.java:126)
	at ?.And I input value for 'Decimal' type entry(E:/Selenium Project Folder/WorkBook 4/CucumberProjectTestNG/Features/AssignmentSubmission.feature:27)

When I selected checkbox corresponding to an assignment(Scenario: Recall assignment)  Time elapsed: 0.001 sec  <<< ERROR!
java.lang.NullPointerException
	at com.tk20.qa.testcases.ApplicationAssignmentSubmissionTest.i_selected_checkbox_corresponding_to_an_assignment(ApplicationAssignmentSubmissionTest.java:211)
	at ?.When I selected checkbox corresponding to an assignment(E:/Selenium Project Folder/WorkBook 4/CucumberProjectTestNG/Features/AssignmentSubmission.feature:44)

Scenario: Recall assignment  Time elapsed: 0.005 sec  <<< ERROR!
java.lang.NullPointerException
	at com.tk20.qa.testcases.ApplicationAssignmentSubmissionTest.i_selected_checkbox_corresponding_to_an_assignment(ApplicationAssignmentSubmissionTest.java:211)
	at ?.When I selected checkbox corresponding to an assignment(E:/Selenium Project Folder/WorkBook 4/CucumberProjectTestNG/Features/AssignmentSubmission.feature:44)

